<?xml version="1.0" encoding="UTF-8"?>
<testsuite xmlns:xsi="http://www.w3.org/2001/XMLSchema-instance" xsi:noNamespaceSchemaLocation="https://maven.apache.org/surefire/maven-surefire-plugin/xsd/surefire-test-report-3.0.xsd" version="3.0" name="com.jwcode.common.util.PreconditionsTest" time="0.272" tests="4" errors="0" skipped="0" failures="0">
  <properties>
[...]
</properties>
  <testcase name="checkNotNull_withNullValue_shouldThrowException" classname="com.jwcode.common.util.PreconditionsTest" time="0.061"/>
  <testcase name="checkNotNull_withNonNullValue_shouldReturnValue" classname="com.jwcode.common.util.PreconditionsTest" time="0.006"/>
  <testcase name="checkArgument_withFalseCondition_shouldThrowException" classname="com.jwcode.common.util.PreconditionsTest" time="0.002"/>
  <testcase name="checkArgument_withTrueCondition_shouldNotThrow" classname="com.jwcode.common.util.PreconditionsTest" time="0.005"/>
</testsuite>